<?xml version="1.0" encoding="UTF-8"?>
<!-- Generated by org.testng.reporters.JUnitReportReporter -->
<testsuite hostname="Hasee-PC" name="testCases.TC004_EditLead" tests="1" failures="0" timestamp="21 Sep 2017 18:53:27 GMT" time="36.530" errors="0">
  <testcase name="editLead" time="36.530" classname="testCases.TC004_EditLead"/>
</testsuite> <!-- testCases.TC004_EditLead -->
