<?xml version="1.0" encoding="UTF-8"?>
<!-- Generated by org.testng.reporters.JUnitReportReporter -->
<testsuite hostname="Hasee-PC" name="testCases.TC001_Login" tests="2" failures="0" timestamp="21 Sep 2017 13:22:24 GMT" time="53.711" errors="0">
  <testcase name="login" time="36.418" classname="testCases.TC001_Login"/>
  <testcase name="login" time="17.293" classname="testCases.TC001_Login"/>
</testsuite> <!-- testCases.TC001_Login -->
