<?xml version="1.0" encoding="UTF-8"?>
<!-- Generated by org.testng.reporters.JUnitReportReporter -->
<testsuite hostname="Hasee-PC" name="testCases.TC003_CreateLead" tests="2" failures="0" timestamp="22 Sep 2017 18:13:37 GMT" time="81.122" errors="0">
  <testcase name="createLeadCase" time="44.266" classname="testCases.TC003_CreateLead"/>
  <testcase name="createLeadCase" time="36.856" classname="testCases.TC003_CreateLead"/>
</testsuite> <!-- testCases.TC003_CreateLead -->
