<?xml version="1.0" encoding="UTF-8"?>
<!-- Generated by org.testng.reporters.JUnitReportReporter -->
<testsuite hostname="Gopinath-Jayakumar" name="testCases.TC002_LoginFailure" tests="4" failures="0" timestamp="17 Sep 2017 06:20:15 GMT" time="45.662" errors="0">
  <testcase name="loginFailure" time="12.108" classname="testCases.TC002_LoginFailure"/>
  <testcase name="loginFailure" time="11.171" classname="testCases.TC002_LoginFailure"/>
  <testcase name="loginFailure" time="9.574" classname="testCases.TC002_LoginFailure"/>
  <testcase name="loginFailure" time="12.809" classname="testCases.TC002_LoginFailure"/>
</testsuite> <!-- testCases.TC002_LoginFailure -->
