<?xml version="1.0" encoding="UTF-8"?>
<!-- Generated by org.testng.reporters.JUnitReportReporter -->
<testsuite hostname="Gopinath-Jayakumar" name="testcases.TC002_NegativeTesting" tests="4" failures="0" timestamp="17 Sep 2017 06:03:42 GMT" time="40.863" errors="0">
  <testcase name="loginFailure" time="10.889" classname="testcases.TC002_NegativeTesting"/>
  <testcase name="loginFailure" time="9.546" classname="testcases.TC002_NegativeTesting"/>
  <testcase name="loginFailure" time="10.536" classname="testcases.TC002_NegativeTesting"/>
  <testcase name="loginFailure" time="9.892" classname="testcases.TC002_NegativeTesting"/>
</testsuite> <!-- testcases.TC002_NegativeTesting -->
